[GIN] 2018/04/06 - 08:03:37 | 200 |   36.253048ms |             ::1 | GET      /api/index
[GIN] 2018/04/06 - 08:07:13 | 200 |   37.574601ms |             ::1 | GET      /api/index
[GIN] 2018/04/06 - 08:07:44 | 200 |   35.244414ms |             ::1 | GET      /api/index
[GIN] 2018/04/06 - 08:09:24 | 200 |   55.924038ms |             ::1 | GET      /api/index
[GIN] 2018/04/06 - 08:09:50 | 200 |   41.968618ms |             ::1 | GET      /api/index
[GIN] 2018/04/06 - 11:57:17 | 200 |   43.949585ms |             ::1 | GET      /api/index
[GIN] 2018/04/06 - 11:57:17 | 404 |         869ns |             ::1 | GET      /favicon.ico
[GIN] 2018/04/06 - 11:57:38 | 200 |   17.035134ms |             ::1 | GET      /api/index
[GIN] 2018/04/06 - 12:03:30 | 200 |   51.814976ms |             ::1 | GET      /api/index
[GIN] 2018/04/06 - 12:04:00 | 200 |   36.227526ms |             ::1 | GET      /api/index
[GIN] 2018/04/06 - 12:04:21 | 200 |   11.369188ms |             ::1 | GET      /api/index
[GIN] 2018/04/06 - 14:13:38 | 200 |   25.704035ms |             ::1 | GET      /api/orm
[GIN] 2018/04/07 - 01:38:41 | 404 |         911ns |             ::1 | GET      /
[GIN] 2018/04/07 - 01:38:49 | 200 |     509.912µs |             ::1 | GET      /api/index
[GIN] 2018/04/07 - 01:39:03 | 200 |     375.367µs |             ::1 | GET      /api/index
[GIN] 2018/04/07 - 01:40:00 | 200 |     305.883µs |             ::1 | GET      /api/index
[GIN] 2018/04/07 - 01:40:01 | 200 |     247.625µs |             ::1 | GET      /api/index
[GIN] 2018/04/07 - 01:40:07 | 200 |     163.782µs |             ::1 | GET      /api/index
[GIN] 2018/04/07 - 01:40:08 | 200 |     202.741µs |             ::1 | GET      /api/index
[GIN] 2018/04/07 - 01:41:45 | 200 |     472.224µs |             ::1 | GET      /api/index
[GIN] 2018/04/07 - 01:42:34 | 200 |     235.706µs |             ::1 | GET      /api/index
[GIN] 2018/04/07 - 01:42:35 | 200 |     244.119µs |             ::1 | GET      /api/index
[GIN] 2018/04/07 - 01:42:36 | 200 |     293.865µs |             ::1 | GET      /api/index
[GIN] 2018/04/07 - 01:42:36 | 200 |     193.485µs |             ::1 | GET      /api/index
[GIN] 2018/04/07 - 15:44:53 | 200 |     570.785µs |             ::1 | GET      /api/index
[GIN] 2018/04/07 - 15:45:08 | 200 |   52.867017ms |             ::1 | GET      /api/db
[GIN] 2018/04/07 - 15:45:25 | 200 |    8.138176ms |             ::1 | GET      /api/db
[GIN] 2018/04/09 - 13:28:13 | 200 |    7.636945ms |             ::1 | GET      /api/store
[GIN] 2018/04/09 - 13:39:48 | 200 |     823.674µs |             ::1 | GET      /api/store
[GIN] 2018/04/09 - 13:42:47 | 200 |     146.774µs |             ::1 | GET      /api/store
[GIN] 2018/04/09 - 13:43:15 | 200 |     156.782µs |             ::1 | GET      /api/store
[GIN] 2018/04/09 - 13:44:49 | 200 |    7.176503ms |             ::1 | GET      /api/store
