
[2018-04-06 11:57:17] app.ERROR: test
Stack trace:
goroutine 34 [running]:
runtime/debug.Stack(0x17b9f60, 0xc4202ec4a0, 0x173040a)
	/usr/local/go/src/runtime/debug/stack.go:24 +0xa7
main.handleErrors.func1.1(0xc4202488f0)
	/Users/chenhg5/go/src/morningo/handle.go:44 +0x4cd
panic(0x1621720, 0x17b6a10)
	/usr/local/go/src/runtime/panic.go:505 +0x229
morningo/controllers.IndexApi(0xc4202488f0)
	/Users/chenhg5/go/src/morningo/controllers/MainController.go:20 +0x39
morningo/vendor/github.com/gin-gonic/gin.(*Context).Next(0xc4202488f0)
	/Users/chenhg5/go/src/morningo/vendor/github.com/gin-gonic/gin/context.go:107 +0x43
main.handleErrors.func1(0xc4202488f0)
	/Users/chenhg5/go/src/morningo/handle.go:54 +0x51
morningo/vendor/github.com/gin-gonic/gin.(*Context).Next(0xc4202488f0)
	/Users/chenhg5/go/src/morningo/vendor/github.com/gin-gonic/gin/context.go:107 +0x43
morningo/vendor/github.com/gin-gonic/gin.LoggerWithWriter.func1(0xc4202488f0)
	/Users/chenhg5/go/src/morningo/vendor/github.com/gin-gonic/gin/logger.go:83 +0xcc
morningo/vendor/github.com/gin-gonic/gin.(*Context).Next(0xc4202488f0)
	/Users/chenhg5/go/src/morningo/vendor/github.com/gin-gonic/gin/context.go:107 +0x43
morningo/vendor/github.com/gin-gonic/gin.(*Engine).handleHTTPRequest(0xc420314000, 0xc4202488f0)
	/Users/chenhg5/go/src/morningo/vendor/github.com/gin-gonic/gin/gin.go:359 +0x586
morningo/vendor/github.com/gin-gonic/gin.(*Engine).ServeHTTP(0xc420314000, 0x17bdf20, 0xc420336000, 0xc420332100)
	/Users/chenhg5/go/src/morningo/vendor/github.com/gin-gonic/gin/gin.go:326 +0x153
net/http.serverHandler.ServeHTTP(0xc42030a1a0, 0x17bdf20, 0xc420336000, 0xc420332100)
	/usr/local/go/src/net/http/server.go:2694 +0xbc
net/http.(*conn).serve(0xc42031e000, 0x17be9a0, 0xc4201d83c0)
	/usr/local/go/src/net/http/server.go:1830 +0x651
created by net/http.(*Server).Serve
	/usr/local/go/src/net/http/server.go:2795 +0x27b


[2018-04-06 11:57:38] app.ERROR: runtime error: invalid memory address or nil pointer dereference
Stack trace:
goroutine 20 [running]:
runtime/debug.Stack(0x17bc600, 0xc42037e240, 0x17327ca)
	/usr/local/go/src/runtime/debug/stack.go:24 +0xa7
main.handleErrors.func1.1(0xc42024e8f0)
	/Users/chenhg5/go/src/morningo/handle.go:44 +0x4cd
panic(0x1659f20, 0x1ac7480)
	/usr/local/go/src/runtime/panic.go:505 +0x229
morningo/vendor/github.com/gin-gonic/gin.(*Context).HTML(0xc42024e8f0, 0xc8, 0x17450d7, 0x1f, 0x166cd80, 0xc42037a090)
	/Users/chenhg5/go/src/morningo/vendor/github.com/gin-gonic/gin/context.go:654 +0x35
morningo/controllers.IndexApi(0xc42024e8f0)
	/Users/chenhg5/go/src/morningo/controllers/MainController.go:85 +0x700
morningo/vendor/github.com/gin-gonic/gin.(*Context).Next(0xc42024e8f0)
	/Users/chenhg5/go/src/morningo/vendor/github.com/gin-gonic/gin/context.go:107 +0x43
main.handleErrors.func1(0xc42024e8f0)
	/Users/chenhg5/go/src/morningo/handle.go:54 +0x51
morningo/vendor/github.com/gin-gonic/gin.(*Context).Next(0xc42024e8f0)
	/Users/chenhg5/go/src/morningo/vendor/github.com/gin-gonic/gin/context.go:107 +0x43
morningo/vendor/github.com/gin-gonic/gin.LoggerWithWriter.func1(0xc42024e8f0)
	/Users/chenhg5/go/src/morningo/vendor/github.com/gin-gonic/gin/logger.go:83 +0xcc
morningo/vendor/github.com/gin-gonic/gin.(*Context).Next(0xc42024e8f0)
	/Users/chenhg5/go/src/morningo/vendor/github.com/gin-gonic/gin/context.go:107 +0x43
morningo/vendor/github.com/gin-gonic/gin.(*Engine).handleHTTPRequest(0xc4200cd680, 0xc42024e8f0)
	/Users/chenhg5/go/src/morningo/vendor/github.com/gin-gonic/gin/gin.go:359 +0x586
morningo/vendor/github.com/gin-gonic/gin.(*Engine).ServeHTTP(0xc4200cd680, 0x17c05c0, 0xc42033a000, 0xc42014a800)
	/Users/chenhg5/go/src/morningo/vendor/github.com/gin-gonic/gin/gin.go:326 +0x153
net/http.serverHandler.ServeHTTP(0xc4201ca8f0, 0x17c05c0, 0xc42033a000, 0xc42014a800)
	/usr/local/go/src/net/http/server.go:2694 +0xbc
net/http.(*conn).serve(0xc4201bcbe0, 0x17c1040, 0xc4201cc700)
	/usr/local/go/src/net/http/server.go:1830 +0x651
created by net/http.(*Server).Serve
	/usr/local/go/src/net/http/server.go:2795 +0x27b


[2018-04-06 12:03:30] app.ERROR: html/template: "../frontend/templates/index.tpl" is undefined
Stack trace:
goroutine 9 [running]:
runtime/debug.Stack(0x17bc640, 0xc42036dfa0, 0x17327ea)
	/usr/local/go/src/runtime/debug/stack.go:24 +0xa7
main.handleErrors.func1.1(0xc4202468f0)
	/Users/chenhg5/go/src/morningo/handle.go:44 +0x4cd
panic(0x1646a60, 0xc4203756f0)
	/usr/local/go/src/runtime/panic.go:505 +0x229
morningo/vendor/github.com/gin-gonic/gin.(*Context).Render(0xc4202468f0, 0xc8, 0x17bf840, 0xc42038f0b0)
	/Users/chenhg5/go/src/morningo/vendor/github.com/gin-gonic/gin/context.go:646 +0x160
morningo/vendor/github.com/gin-gonic/gin.(*Context).HTML(0xc4202468f0, 0xc8, 0x174510b, 0x1f, 0x166cda0, 0xc42038ecc0)
	/Users/chenhg5/go/src/morningo/vendor/github.com/gin-gonic/gin/context.go:655 +0x93
morningo/controllers.IndexApi(0xc4202468f0)
	/Users/chenhg5/go/src/morningo/controllers/MainController.go:85 +0x700
morningo/vendor/github.com/gin-gonic/gin.(*Context).Next(0xc4202468f0)
	/Users/chenhg5/go/src/morningo/vendor/github.com/gin-gonic/gin/context.go:107 +0x43
main.handleErrors.func1(0xc4202468f0)
	/Users/chenhg5/go/src/morningo/handle.go:54 +0x51
morningo/vendor/github.com/gin-gonic/gin.(*Context).Next(0xc4202468f0)
	/Users/chenhg5/go/src/morningo/vendor/github.com/gin-gonic/gin/context.go:107 +0x43
morningo/vendor/github.com/gin-gonic/gin.LoggerWithWriter.func1(0xc4202468f0)
	/Users/chenhg5/go/src/morningo/vendor/github.com/gin-gonic/gin/logger.go:83 +0xcc
morningo/vendor/github.com/gin-gonic/gin.(*Context).Next(0xc4202468f0)
	/Users/chenhg5/go/src/morningo/vendor/github.com/gin-gonic/gin/context.go:107 +0x43
morningo/vendor/github.com/gin-gonic/gin.(*Engine).handleHTTPRequest(0xc4200bd320, 0xc4202468f0)
	/Users/chenhg5/go/src/morningo/vendor/github.com/gin-gonic/gin/gin.go:359 +0x586
morningo/vendor/github.com/gin-gonic/gin.(*Engine).ServeHTTP(0xc4200bd320, 0x17c0600, 0xc420330000, 0xc42032c000)
	/Users/chenhg5/go/src/morningo/vendor/github.com/gin-gonic/gin/gin.go:326 +0x153
net/http.serverHandler.ServeHTTP(0xc4201aeb60, 0x17c0600, 0xc420330000, 0xc42032c000)
	/usr/local/go/src/net/http/server.go:2694 +0xbc
net/http.(*conn).serve(0xc420198d20, 0x17c1080, 0xc4201e8140)
	/usr/local/go/src/net/http/server.go:1830 +0x651
created by net/http.(*Server).Serve
	/usr/local/go/src/net/http/server.go:2795 +0x27b


[2018-04-06 12:04:00] app.ERROR: html/template: "../frontend/templates/index.tpl" is undefined
Stack trace:
goroutine 5 [running]:
runtime/debug.Stack(0x17bc640, 0xc4203b3e80, 0x17327ea)
	/usr/local/go/src/runtime/debug/stack.go:24 +0xa7
main.handleErrors.func1.1(0xc420386000)
	/Users/chenhg5/go/src/morningo/handle.go:44 +0x4cd
panic(0x1646a60, 0xc4203c03e0)
	/usr/local/go/src/runtime/panic.go:505 +0x229
morningo/vendor/github.com/gin-gonic/gin.(*Context).Render(0xc420386000, 0xc8, 0x17bf840, 0xc4203c4210)
	/Users/chenhg5/go/src/morningo/vendor/github.com/gin-gonic/gin/context.go:646 +0x160
morningo/vendor/github.com/gin-gonic/gin.(*Context).HTML(0xc420386000, 0xc8, 0x174510b, 0x1f, 0x166cda0, 0xc4203b9e00)
	/Users/chenhg5/go/src/morningo/vendor/github.com/gin-gonic/gin/context.go:655 +0x93
morningo/controllers.IndexApi(0xc420386000)
	/Users/chenhg5/go/src/morningo/controllers/MainController.go:85 +0x700
morningo/vendor/github.com/gin-gonic/gin.(*Context).Next(0xc420386000)
	/Users/chenhg5/go/src/morningo/vendor/github.com/gin-gonic/gin/context.go:107 +0x43
main.handleErrors.func1(0xc420386000)
	/Users/chenhg5/go/src/morningo/handle.go:54 +0x51
morningo/vendor/github.com/gin-gonic/gin.(*Context).Next(0xc420386000)
	/Users/chenhg5/go/src/morningo/vendor/github.com/gin-gonic/gin/context.go:107 +0x43
morningo/vendor/github.com/gin-gonic/gin.LoggerWithWriter.func1(0xc420386000)
	/Users/chenhg5/go/src/morningo/vendor/github.com/gin-gonic/gin/logger.go:83 +0xcc
morningo/vendor/github.com/gin-gonic/gin.(*Context).Next(0xc420386000)
	/Users/chenhg5/go/src/morningo/vendor/github.com/gin-gonic/gin/context.go:107 +0x43
morningo/vendor/github.com/gin-gonic/gin.(*Engine).handleHTTPRequest(0xc420336000, 0xc420386000)
	/Users/chenhg5/go/src/morningo/vendor/github.com/gin-gonic/gin/gin.go:359 +0x586
morningo/vendor/github.com/gin-gonic/gin.(*Engine).ServeHTTP(0xc420336000, 0x17c0600, 0xc420382000, 0xc420158800)
	/Users/chenhg5/go/src/morningo/vendor/github.com/gin-gonic/gin/gin.go:326 +0x153
net/http.serverHandler.ServeHTTP(0xc42032c5b0, 0x17c0600, 0xc420382000, 0xc420158800)
	/usr/local/go/src/net/http/server.go:2694 +0xbc
net/http.(*conn).serve(0xc42034c000, 0x17c1080, 0xc4201d86c0)
	/usr/local/go/src/net/http/server.go:1830 +0x651
created by net/http.(*Server).Serve
	/usr/local/go/src/net/http/server.go:2795 +0x27b


[2018-04-09 13:28:13] app.ERROR: interface conversion: *persistence.CacheStore is not persistence.CacheStore: missing method Add
Stack trace:
goroutine 7 [running]:
runtime/debug.Stack(0x1793120, 0xc42032e140, 0x170a56c)
	/usr/local/go/src/runtime/debug/stack.go:24 +0xa7
main.handleErrors.func1.1(0xc42039e000)
	/Users/chenhg5/go/src/morningo/handle.go:35 +0x4cd
panic(0x163c860, 0xc4203282c0)
	/usr/local/go/src/runtime/panic.go:505 +0x229
morningo/controllers.StoreExample(0xc42039e000)
	/Users/chenhg5/go/src/morningo/controllers/MainController.go:64 +0x164
morningo/vendor/github.com/gin-gonic/gin.(*Context).Next(0xc42039e000)
	/Users/chenhg5/go/src/morningo/vendor/github.com/gin-gonic/gin/context.go:107 +0x43
morningo/vendor/github.com/gin-contrib/cache.Cache.func1(0xc42039e000)
	/Users/chenhg5/go/src/morningo/vendor/github.com/gin-contrib/cache/cache.go:116 +0x9e
morningo/vendor/github.com/gin-gonic/gin.(*Context).Next(0xc42039e000)
	/Users/chenhg5/go/src/morningo/vendor/github.com/gin-gonic/gin/context.go:107 +0x43
morningo/vendor/github.com/gin-gonic/contrib/sessions.Sessions.func1(0xc42039e000)
	/Users/chenhg5/go/src/morningo/vendor/github.com/gin-gonic/contrib/sessions/sessions.go:65 +0x1be
morningo/vendor/github.com/gin-gonic/gin.(*Context).Next(0xc42039e000)
	/Users/chenhg5/go/src/morningo/vendor/github.com/gin-gonic/gin/context.go:107 +0x43
main.handleErrors.func1(0xc42039e000)
	/Users/chenhg5/go/src/morningo/handle.go:45 +0x51
morningo/vendor/github.com/gin-gonic/gin.(*Context).Next(0xc42039e000)
	/Users/chenhg5/go/src/morningo/vendor/github.com/gin-gonic/gin/context.go:107 +0x43
morningo/vendor/github.com/gin-gonic/gin.LoggerWithWriter.func1(0xc42039e000)
	/Users/chenhg5/go/src/morningo/vendor/github.com/gin-gonic/gin/logger.go:83 +0xcc
morningo/vendor/github.com/gin-gonic/gin.(*Context).Next(0xc42039e000)
	/Users/chenhg5/go/src/morningo/vendor/github.com/gin-gonic/gin/context.go:107 +0x43
morningo/vendor/github.com/gin-gonic/gin.(*Engine).handleHTTPRequest(0xc420356000, 0xc42039e000)
	/Users/chenhg5/go/src/morningo/vendor/github.com/gin-gonic/gin/gin.go:359 +0x586
morningo/vendor/github.com/gin-gonic/gin.(*Engine).ServeHTTP(0xc420356000, 0x1797300, 0xc420398000, 0xc420304a00)
	/Users/chenhg5/go/src/morningo/vendor/github.com/gin-gonic/gin/gin.go:326 +0x153
net/http.serverHandler.ServeHTTP(0xc42034c5b0, 0x1797300, 0xc420398000, 0xc420304a00)
	/usr/local/go/src/net/http/server.go:2694 +0xbc
net/http.(*conn).serve(0xc420198be0, 0x1797dc0, 0xc420306900)
	/usr/local/go/src/net/http/server.go:1830 +0x651
created by net/http.(*Server).Serve
	/usr/local/go/src/net/http/server.go:2795 +0x27b


[2018-04-09 13:39:48] app.ERROR: runtime error: invalid memory address or nil pointer dereference
Stack trace:
goroutine 38 [running]:
runtime/debug.Stack(0x1793120, 0xc42032e080, 0x170a56c)
	/usr/local/go/src/runtime/debug/stack.go:24 +0xa7
main.handleErrors.func1.1(0xc420372000)
	/Users/chenhg5/go/src/morningo/handle.go:35 +0x4cd
panic(0x1638080, 0x1a655a0)
	/usr/local/go/src/runtime/panic.go:505 +0x229
morningo/controllers.StoreExample(0xc420372000)
	/Users/chenhg5/go/src/morningo/controllers/MainController.go:65 +0x178
morningo/vendor/github.com/gin-gonic/gin.(*Context).Next(0xc420372000)
	/Users/chenhg5/go/src/morningo/vendor/github.com/gin-gonic/gin/context.go:107 +0x43
morningo/vendor/github.com/gin-contrib/cache.Cache.func1(0xc420372000)
	/Users/chenhg5/go/src/morningo/vendor/github.com/gin-contrib/cache/cache.go:116 +0x9e
morningo/vendor/github.com/gin-gonic/gin.(*Context).Next(0xc420372000)
	/Users/chenhg5/go/src/morningo/vendor/github.com/gin-gonic/gin/context.go:107 +0x43
morningo/vendor/github.com/gin-gonic/contrib/sessions.Sessions.func1(0xc420372000)
	/Users/chenhg5/go/src/morningo/vendor/github.com/gin-gonic/contrib/sessions/sessions.go:65 +0x1be
morningo/vendor/github.com/gin-gonic/gin.(*Context).Next(0xc420372000)
	/Users/chenhg5/go/src/morningo/vendor/github.com/gin-gonic/gin/context.go:107 +0x43
main.handleErrors.func1(0xc420372000)
	/Users/chenhg5/go/src/morningo/handle.go:45 +0x51
morningo/vendor/github.com/gin-gonic/gin.(*Context).Next(0xc420372000)
	/Users/chenhg5/go/src/morningo/vendor/github.com/gin-gonic/gin/context.go:107 +0x43
morningo/vendor/github.com/gin-gonic/gin.LoggerWithWriter.func1(0xc420372000)
	/Users/chenhg5/go/src/morningo/vendor/github.com/gin-gonic/gin/logger.go:83 +0xcc
morningo/vendor/github.com/gin-gonic/gin.(*Context).Next(0xc420372000)
	/Users/chenhg5/go/src/morningo/vendor/github.com/gin-gonic/gin/context.go:107 +0x43
morningo/vendor/github.com/gin-gonic/gin.(*Engine).handleHTTPRequest(0xc42030c360, 0xc420372000)
	/Users/chenhg5/go/src/morningo/vendor/github.com/gin-gonic/gin/gin.go:359 +0x586
morningo/vendor/github.com/gin-gonic/gin.(*Engine).ServeHTTP(0xc42030c360, 0x1797300, 0xc42036e000, 0xc42035e000)
	/Users/chenhg5/go/src/morningo/vendor/github.com/gin-gonic/gin/gin.go:326 +0x153
net/http.serverHandler.ServeHTTP(0xc420308750, 0x1797300, 0xc42036e000, 0xc42035e000)
	/usr/local/go/src/net/http/server.go:2694 +0xbc
net/http.(*conn).serve(0xc42030a280, 0x1797dc0, 0xc4203280c0)
	/usr/local/go/src/net/http/server.go:1830 +0x651
created by net/http.(*Server).Serve
	/usr/local/go/src/net/http/server.go:2795 +0x27b


[2018-04-09 16:28:10] app.ERROR: interface conversion: interface {} is nil, not string
Stack trace:
goroutine 25 [running]:
runtime/debug.Stack(0x1794e20, 0xc420336120, 0x170c0cc)
	/usr/local/go/src/runtime/debug/stack.go:24 +0xa7
main.handleErrors.func1.1(0xc420390000)
	/Users/chenhg5/go/src/morningo/handle.go:35 +0x4cd
panic(0x163dfe0, 0xc42032a380)
	/usr/local/go/src/runtime/panic.go:505 +0x229
morningo/filters/auth/drivers.(*cacheAuthManager).User(0xc4201d63c0, 0xc4202f6b00, 0x4)
	/Users/chenhg5/go/src/morningo/filters/auth/drivers/cookie.go:34 +0x199
morningo/controllers.CookieGetExample(0xc420390000)
	/Users/chenhg5/go/src/morningo/controllers/MainController.go:118 +0x7d
morningo/vendor/github.com/gin-gonic/gin.(*Context).Next(0xc420390000)
	/Users/chenhg5/go/src/morningo/vendor/github.com/gin-gonic/gin/context.go:107 +0x43
morningo/filters/auth.AuthMiddleware.func1(0xc420390000)
	/Users/chenhg5/go/src/morningo/filters/auth/auth.go:21 +0x9e
morningo/vendor/github.com/gin-gonic/gin.(*Context).Next(0xc420390000)
	/Users/chenhg5/go/src/morningo/vendor/github.com/gin-gonic/gin/context.go:107 +0x43
morningo/vendor/github.com/gin-contrib/cache.Cache.func1(0xc420390000)
	/Users/chenhg5/go/src/morningo/vendor/github.com/gin-contrib/cache/cache.go:116 +0x9e
morningo/vendor/github.com/gin-gonic/gin.(*Context).Next(0xc420390000)
	/Users/chenhg5/go/src/morningo/vendor/github.com/gin-gonic/gin/context.go:107 +0x43
morningo/vendor/github.com/gin-gonic/contrib/sessions.Sessions.func1(0xc420390000)
	/Users/chenhg5/go/src/morningo/vendor/github.com/gin-gonic/contrib/sessions/sessions.go:65 +0x1be
morningo/vendor/github.com/gin-gonic/gin.(*Context).Next(0xc420390000)
	/Users/chenhg5/go/src/morningo/vendor/github.com/gin-gonic/gin/context.go:107 +0x43
main.handleErrors.func1(0xc420390000)
	/Users/chenhg5/go/src/morningo/handle.go:45 +0x51
morningo/vendor/github.com/gin-gonic/gin.(*Context).Next(0xc420390000)
	/Users/chenhg5/go/src/morningo/vendor/github.com/gin-gonic/gin/context.go:107 +0x43
morningo/vendor/github.com/gin-gonic/gin.LoggerWithWriter.func1(0xc420390000)
	/Users/chenhg5/go/src/morningo/vendor/github.com/gin-gonic/gin/logger.go:83 +0xcc
morningo/vendor/github.com/gin-gonic/gin.(*Context).Next(0xc420390000)
	/Users/chenhg5/go/src/morningo/vendor/github.com/gin-gonic/gin/context.go:107 +0x43
morningo/vendor/github.com/gin-gonic/gin.(*Engine).handleHTTPRequest(0xc420344000, 0xc420390000)
	/Users/chenhg5/go/src/morningo/vendor/github.com/gin-gonic/gin/gin.go:359 +0x586
morningo/vendor/github.com/gin-gonic/gin.(*Engine).ServeHTTP(0xc420344000, 0x1799040, 0xc42038c000, 0xc4202f6b00)
	/Users/chenhg5/go/src/morningo/vendor/github.com/gin-gonic/gin/gin.go:326 +0x153
net/http.serverHandler.ServeHTTP(0xc42030e750, 0x1799040, 0xc42038c000, 0xc4202f6b00)
	/usr/local/go/src/net/http/server.go:2694 +0xbc
net/http.(*conn).serve(0xc4202ee3c0, 0x1799b00, 0xc42032a180)
	/usr/local/go/src/net/http/server.go:1830 +0x651
created by net/http.(*Server).Serve
	/usr/local/go/src/net/http/server.go:2795 +0x27b


[2018-04-09 17:48:09] app.ERROR: Key "auth" does not exist
Stack trace:
goroutine 10 [running]:
runtime/debug.Stack(0x1794f00, 0xc42035a020, 0x170c14c)
	/usr/local/go/src/runtime/debug/stack.go:24 +0xa7
main.handleErrors.func1.1(0xc4200d04d0)
	/Users/chenhg5/go/src/morningo/handle.go:35 +0x4cd
panic(0x1604840, 0xc4201a7110)
	/usr/local/go/src/runtime/panic.go:505 +0x229
morningo/vendor/github.com/gin-gonic/gin.(*Context).MustGet(0xc4200d04d0, 0x170cd10, 0x4, 0xd, 0x2142e99ef)
	/Users/chenhg5/go/src/morningo/vendor/github.com/gin-gonic/gin/context.go:200 +0x113
morningo/controllers.CookieGetExample(0xc4200d04d0)
	/Users/chenhg5/go/src/morningo/controllers/MainController.go:117 +0x47
morningo/vendor/github.com/gin-gonic/gin.(*Context).Next(0xc4200d04d0)
	/Users/chenhg5/go/src/morningo/vendor/github.com/gin-gonic/gin/context.go:107 +0x43
morningo/filters/auth.AuthMiddleware.func1(0xc4200d04d0)
	/Users/chenhg5/go/src/morningo/filters/auth/auth.go:22 +0xdb
morningo/vendor/github.com/gin-gonic/gin.(*Context).Next(0xc4200d04d0)
	/Users/chenhg5/go/src/morningo/vendor/github.com/gin-gonic/gin/context.go:107 +0x43
morningo/vendor/github.com/gin-contrib/cache.Cache.func1(0xc4200d04d0)
	/Users/chenhg5/go/src/morningo/vendor/github.com/gin-contrib/cache/cache.go:116 +0x9e
morningo/vendor/github.com/gin-gonic/gin.(*Context).Next(0xc4200d04d0)
	/Users/chenhg5/go/src/morningo/vendor/github.com/gin-gonic/gin/context.go:107 +0x43
morningo/vendor/github.com/gin-gonic/contrib/sessions.Sessions.func1(0xc4200d04d0)
	/Users/chenhg5/go/src/morningo/vendor/github.com/gin-gonic/contrib/sessions/sessions.go:65 +0x1be
morningo/vendor/github.com/gin-gonic/gin.(*Context).Next(0xc4200d04d0)
	/Users/chenhg5/go/src/morningo/vendor/github.com/gin-gonic/gin/context.go:107 +0x43
main.handleErrors.func1(0xc4200d04d0)
	/Users/chenhg5/go/src/morningo/handle.go:45 +0x51
morningo/vendor/github.com/gin-gonic/gin.(*Context).Next(0xc4200d04d0)
	/Users/chenhg5/go/src/morningo/vendor/github.com/gin-gonic/gin/context.go:107 +0x43
morningo/vendor/github.com/gin-gonic/gin.LoggerWithWriter.func1(0xc4200d04d0)
	/Users/chenhg5/go/src/morningo/vendor/github.com/gin-gonic/gin/logger.go:83 +0xcc
morningo/vendor/github.com/gin-gonic/gin.(*Context).Next(0xc4200d04d0)
	/Users/chenhg5/go/src/morningo/vendor/github.com/gin-gonic/gin/context.go:107 +0x43
morningo/vendor/github.com/gin-gonic/gin.(*Engine).handleHTTPRequest(0xc4200bd0e0, 0xc4200d04d0)
	/Users/chenhg5/go/src/morningo/vendor/github.com/gin-gonic/gin/gin.go:359 +0x586
morningo/vendor/github.com/gin-gonic/gin.(*Engine).ServeHTTP(0xc4200bd0e0, 0x1799120, 0xc4203360e0, 0xc420304a00)
	/Users/chenhg5/go/src/morningo/vendor/github.com/gin-gonic/gin/gin.go:326 +0x153
net/http.serverHandler.ServeHTTP(0xc4201aeb60, 0x1799120, 0xc4203360e0, 0xc420304a00)
	/usr/local/go/src/net/http/server.go:2694 +0xbc
net/http.(*conn).serve(0xc420198dc0, 0x1799be0, 0xc420306940)
	/usr/local/go/src/net/http/server.go:1830 +0x651
created by net/http.(*Server).Serve
	/usr/local/go/src/net/http/server.go:2795 +0x27b


[2018-04-09 17:48:11] app.ERROR: Key "auth" does not exist
Stack trace:
goroutine 10 [running]:
runtime/debug.Stack(0x1794f00, 0xc42035a1a0, 0x170c14c)
	/usr/local/go/src/runtime/debug/stack.go:24 +0xa7
main.handleErrors.func1.1(0xc4200d04d0)
	/Users/chenhg5/go/src/morningo/handle.go:35 +0x4cd
panic(0x1604840, 0xc4201a72d0)
	/usr/local/go/src/runtime/panic.go:505 +0x229
morningo/vendor/github.com/gin-gonic/gin.(*Context).MustGet(0xc4200d04d0, 0x170cd10, 0x4, 0xd, 0x2757e8257)
	/Users/chenhg5/go/src/morningo/vendor/github.com/gin-gonic/gin/context.go:200 +0x113
morningo/controllers.CookieGetExample(0xc4200d04d0)
	/Users/chenhg5/go/src/morningo/controllers/MainController.go:117 +0x47
morningo/vendor/github.com/gin-gonic/gin.(*Context).Next(0xc4200d04d0)
	/Users/chenhg5/go/src/morningo/vendor/github.com/gin-gonic/gin/context.go:107 +0x43
morningo/filters/auth.AuthMiddleware.func1(0xc4200d04d0)
	/Users/chenhg5/go/src/morningo/filters/auth/auth.go:22 +0xdb
morningo/vendor/github.com/gin-gonic/gin.(*Context).Next(0xc4200d04d0)
	/Users/chenhg5/go/src/morningo/vendor/github.com/gin-gonic/gin/context.go:107 +0x43
morningo/vendor/github.com/gin-contrib/cache.Cache.func1(0xc4200d04d0)
	/Users/chenhg5/go/src/morningo/vendor/github.com/gin-contrib/cache/cache.go:116 +0x9e
morningo/vendor/github.com/gin-gonic/gin.(*Context).Next(0xc4200d04d0)
	/Users/chenhg5/go/src/morningo/vendor/github.com/gin-gonic/gin/context.go:107 +0x43
morningo/vendor/github.com/gin-gonic/contrib/sessions.Sessions.func1(0xc4200d04d0)
	/Users/chenhg5/go/src/morningo/vendor/github.com/gin-gonic/contrib/sessions/sessions.go:65 +0x1be
morningo/vendor/github.com/gin-gonic/gin.(*Context).Next(0xc4200d04d0)
	/Users/chenhg5/go/src/morningo/vendor/github.com/gin-gonic/gin/context.go:107 +0x43
main.handleErrors.func1(0xc4200d04d0)
	/Users/chenhg5/go/src/morningo/handle.go:45 +0x51
morningo/vendor/github.com/gin-gonic/gin.(*Context).Next(0xc4200d04d0)
	/Users/chenhg5/go/src/morningo/vendor/github.com/gin-gonic/gin/context.go:107 +0x43
morningo/vendor/github.com/gin-gonic/gin.LoggerWithWriter.func1(0xc4200d04d0)
	/Users/chenhg5/go/src/morningo/vendor/github.com/gin-gonic/gin/logger.go:83 +0xcc
morningo/vendor/github.com/gin-gonic/gin.(*Context).Next(0xc4200d04d0)
	/Users/chenhg5/go/src/morningo/vendor/github.com/gin-gonic/gin/context.go:107 +0x43
morningo/vendor/github.com/gin-gonic/gin.(*Engine).handleHTTPRequest(0xc4200bd0e0, 0xc4200d04d0)
	/Users/chenhg5/go/src/morningo/vendor/github.com/gin-gonic/gin/gin.go:359 +0x586
morningo/vendor/github.com/gin-gonic/gin.(*Engine).ServeHTTP(0xc4200bd0e0, 0x1799120, 0xc4203361c0, 0xc420134b00)
	/Users/chenhg5/go/src/morningo/vendor/github.com/gin-gonic/gin/gin.go:326 +0x153
net/http.serverHandler.ServeHTTP(0xc4201aeb60, 0x1799120, 0xc4203361c0, 0xc420134b00)
	/usr/local/go/src/net/http/server.go:2694 +0xbc
net/http.(*conn).serve(0xc420198dc0, 0x1799be0, 0xc420306940)
	/usr/local/go/src/net/http/server.go:1830 +0x651
created by net/http.(*Server).Serve
	/usr/local/go/src/net/http/server.go:2795 +0x27b

